<?xml version="1.0" encoding="UTF-8"?>
<!-- Generated by org.testng.reporters.JUnitXMLReporter -->
<testsuite hostname="atom04.cignitiglobal.com" ignored="0" name="Get All The Users Register a User and Weather" tests="2" failures="1" timestamp="09 Jul 2019 12:34:49 GMT" time="3.946" errors="0">
  <testcase name="feature" time="2.997" classname="cucumber.api.testng.AbstractTestNGCucumberTests"/>
  <testcase name="feature" time="0.686" classname="cucumber.api.testng.AbstractTestNGCucumberTests">
    <failure type="cucumber.runtime.CucumberException" message="java.lang.AssertionError: 
Expected: with toString() &amp;quot;320 Degree&amp;quot;
     but: toString() was &amp;quot;340 Degree&amp;quot;">
      <![CDATA[cucumber.runtime.CucumberException: java.lang.AssertionError: 
Expected: with toString() "320 Degree"
     but: toString() was "340 Degree"
at cucumber.api.testng.TestNGCucumberRunner.runCucumber(TestNGCucumberRunner.java:69)
at cucumber.api.testng.AbstractTestNGCucumberTests.feature(AbstractTestNGCucumberTests.java:21)
Caused by: java.lang.AssertionError: 
Expected: with toString() "320 Degree"
     but: toString() was "340 Degree"
at org.hamcrest.MatcherAssert.assertThat(MatcherAssert.java:18)
at org.hamcrest.MatcherAssert.assertThat(MatcherAssert.java:6)
at restful.step_definition.WeatherSteps.iVerifyResponseForWeatherInformation(WeatherSteps.java:25)
at ✽.And I verify the response for chester weather(Weather.feature:19)
... Removed 29 stack frames]]>
    </failure>
  </testcase> <!-- feature -->
</testsuite> <!-- Get All The Users Register a User and Weather -->
